60 16
PI = 0 computed in 0.000344 seconds
60 32
PI = 4.635570922105496e-319 computed in 0.0003021 seconds
60 48
PI = 9.271141844210991e-319 computed in 0.0009432 seconds
60 64
PI = 0 computed in 0.000962 seconds
60 80
PI = 0 computed in 0.000916 seconds
60 96
PI = 0 computed in 0.0009251 seconds
60 112
PI = 0 computed in 0.0003731 seconds
60 128
PI = 0 computed in 0.0004089 seconds
60 144
PI = 0 computed in 0.0009429 seconds
60 160
PI = 0 computed in 0.000664 seconds
120 16
PI = 4.635570922105496e-319 computed in 0.0003891 seconds
120 32
PI = 0 computed in 0.00038 seconds
120 48
PI = 0 computed in 0.0002558 seconds
120 64
PI = 0 computed in 0.0002739 seconds
120 80
PI = 0 computed in 0.000562 seconds
120 96
PI = 0 computed in 0.0003572 seconds
120 112
PI = 0 computed in 0.000288 seconds
120 128
PI = 0 computed in 0.0002739 seconds
120 144
PI = 0 computed in 0.0006149 seconds
120 160
PI = 0 computed in 0.0004051 seconds
180 16
PI = 9.271141844210991e-319 computed in 0.0003469 seconds
180 32
PI = 0 computed in 0.0003841 seconds
180 48
PI = 0 computed in 0.000422 seconds
180 64
PI = 0 computed in 0.0003591 seconds
180 80
PI = 0 computed in 0.000345 seconds
180 96
PI = 0 computed in 0.0004051 seconds
180 112
PI = 0 computed in 0.000397 seconds
180 128
PI = 0 computed in 0.000438 seconds
180 144
PI = 0 computed in 0.000386 seconds
180 160
PI = 0 computed in 0.0004408 seconds
240 16
PI = 0 computed in 0.000391 seconds
240 32
PI = 0 computed in 0.0003269 seconds
240 48
PI = 0 computed in 0.000375 seconds
240 64
PI = 0 computed in 0.0004289 seconds
240 80
PI = 0 computed in 0.0008399 seconds
240 96
PI = 0 computed in 0.000442 seconds
240 112
PI = 0 computed in 0.000447 seconds
240 128
PI = 0 computed in 0.0005028 seconds
240 144
PI = 0 computed in 0.000495 seconds
240 160
PI = 0 computed in 0.0004921 seconds
300 16
PI = 0 computed in 0.00037 seconds
300 32
PI = 0 computed in 0.0004208 seconds
300 48
PI = 0 computed in 0.0003579 seconds
300 64
PI = 0 computed in 0.0003781 seconds
300 80
PI = 0 computed in 0.0005329 seconds
300 96
PI = 0 computed in 0.0003688 seconds
300 112
PI = 0 computed in 0.0003901 seconds
300 128
PI = 0 computed in 0.0005162 seconds
300 144
PI = 0 computed in 0.00052 seconds
300 160
PI = 0 computed in 0.0004449 seconds
360 16
PI = 0 computed in 0.0003481 seconds
360 32
PI = 0 computed in 0.000231 seconds
360 48
PI = 0 computed in 0.003826 seconds
360 64
PI = 0 computed in 0.000273 seconds
360 80
PI = 0 computed in 0.0004418 seconds
360 96
PI = 0 computed in 0.0003171 seconds
360 112
PI = 0 computed in 0.0004768 seconds
360 128
PI = 0 computed in 0.0004621 seconds
360 144
PI = 0 computed in 0.0004361 seconds
360 160
PI = 0 computed in 0.00054 seconds
420 16
PI = 0 computed in 0.000227 seconds
420 32
PI = 0 computed in 0.0003641 seconds
420 48
PI = 0 computed in 0.0002551 seconds
420 64
PI = 0 computed in 0.000639 seconds
420 80
PI = 0 computed in 0.0003219 seconds
420 96
PI = 0 computed in 0.0003119 seconds
420 112
PI = 0 computed in 0.0003481 seconds
420 128
PI = 0 computed in 0.000406 seconds
420 144
PI = 0 computed in 0.000385 seconds
420 160
PI = 0 computed in 0.0003982 seconds
600 16
PI = 0 computed in 0.000242 seconds
600 32
PI = 0 computed in 0.000741 seconds
600 48
PI = 0 computed in 0.0003331 seconds
600 64
PI = 0 computed in 0.0003128 seconds
600 80
PI = 0 computed in 0.000334 seconds
600 96
PI = 0 computed in 0.000366 seconds
600 112
PI = 0 computed in 0.0005422 seconds
600 128
PI = 0 computed in 0.00055 seconds
600 144
PI = 0 computed in 0.0005839 seconds
600 160
PI = 0 computed in 0.0006158 seconds
60 16
PI = 0 computed in 0.0008869 seconds
60 32
PI = 4.635570922105496e-319 computed in 0.0009191 seconds
60 48
PI = 9.271141844210991e-319 computed in 0.0008979 seconds
60 64
PI = 0 computed in 0.0009501 seconds
60 80
PI = 0 computed in 0.0003211 seconds
60 96
PI = 0 computed in 0.0004151 seconds
60 112
PI = 0 computed in 0.000921 seconds
60 128
PI = 0 computed in 0.0006702 seconds
60 144
PI = 0 computed in 0.0004289 seconds
60 160
PI = 0 computed in 0.0003672 seconds
120 16
PI = 4.635570922105496e-319 computed in 0.00032 seconds
120 32
PI = 0 computed in 0.0002379 seconds
120 48
PI = 0 computed in 0.0003519 seconds
120 64
PI = 0 computed in 0.000432 seconds
120 80
PI = 0 computed in 0.000257 seconds
120 96
PI = 0 computed in 0.0002611 seconds
120 112
PI = 0 computed in 0.0006361 seconds
120 128
PI = 0 computed in 0.0004101 seconds
120 144
PI = 0 computed in 0.0006142 seconds
120 160
PI = 0 computed in 0.000658 seconds
180 16
PI = 9.271141844210991e-319 computed in 0.000417 seconds
180 32
PI = 0 computed in 0.0003748 seconds
180 48
PI = 0 computed in 0.0004079 seconds
180 64
PI = 0 computed in 0.0003359 seconds
180 80
PI = 0 computed in 0.0003679 seconds
180 96
PI = 0 computed in 0.0003679 seconds
180 112
PI = 0 computed in 0.00037 seconds
180 128
PI = 0 computed in 0.000401 seconds
180 144
PI = 0 computed in 0.000396 seconds
180 160
PI = 0 computed in 0.0004261 seconds
240 16
PI = 0 computed in 0.000324 seconds
240 32
PI = 0 computed in 0.0003018 seconds
240 48
PI = 0 computed in 0.000407 seconds
240 64
PI = 0 computed in 0.000412 seconds
240 80
PI = 0 computed in 0.0004289 seconds
240 96
PI = 0 computed in 0.000433 seconds
240 112
PI = 0 computed in 0.0004971 seconds
240 128
PI = 0 computed in 0.000427 seconds
240 144
PI = 0 computed in 0.0004439 seconds
240 160
PI = 0 computed in 0.0004869 seconds
300 16
PI = 0 computed in 0.00038 seconds
300 32
PI = 0 computed in 0.0003462 seconds
300 48
PI = 0 computed in 0.0003991 seconds
300 64
PI = 0 computed in 0.0004721 seconds
300 80
PI = 0 computed in 0.0003541 seconds
300 96
PI = 0 computed in 0.0003591 seconds
300 112
PI = 0 computed in 0.0005128 seconds
300 128
PI = 0 computed in 0.0004439 seconds
300 144
PI = 0 computed in 0.0004449 seconds
300 160
PI = 0 computed in 0.000474 seconds
360 16
PI = 0 computed in 0.0004129 seconds
360 32
PI = 0 computed in 0.0002739 seconds
360 48
PI = 0 computed in 0.000555 seconds
360 64
PI = 0 computed in 0.0002661 seconds
360 80
PI = 0 computed in 0.0003371 seconds
360 96
PI = 0 computed in 0.000443 seconds
360 112
PI = 0 computed in 0.000473 seconds
360 128
PI = 0 computed in 0.0003171 seconds
360 144
PI = 0 computed in 0.000577 seconds
360 160
PI = 0 computed in 0.0004699 seconds
420 16
PI = 0 computed in 0.0002222 seconds
420 32
PI = 0 computed in 0.000248 seconds
420 48
PI = 0 computed in 0.000721 seconds
420 64
PI = 0 computed in 0.000288 seconds
420 80
PI = 0 computed in 0.000293 seconds
420 96
PI = 0 computed in 0.0003178 seconds
420 112
PI = 0 computed in 0.000376 seconds
420 128
PI = 0 computed in 0.0003781 seconds
420 144
PI = 0 computed in 0.0003891 seconds
420 160
PI = 0 computed in 0.0004368 seconds
600 16
PI = 0 computed in 0.0007911 seconds
600 32
PI = 0 computed in 0.000278 seconds
600 48
PI = 0 computed in 0.000278 seconds
600 64
PI = 0 computed in 0.0002949 seconds
600 80
PI = 0 computed in 0.0003338 seconds
600 96
PI = 0 computed in 0.0003779 seconds
600 112
PI = 0 computed in 0.0003941 seconds
600 128
PI = 0 computed in 0.0005572 seconds
600 144
PI = 0 computed in 0.0005929 seconds
600 160
PI = 0 computed in 0.000608 seconds
60 16
PI = 0 computed in 0.0003231 seconds
60 32
PI = 4.635570922105496e-319 computed in 0.000325 seconds
60 48
PI = 9.271141844210991e-319 computed in 0.0003178 seconds
60 64
PI = 0 computed in 0.000886 seconds
60 80
PI = 0 computed in 0.0009229 seconds
60 96
PI = 0 computed in 0.0003779 seconds
60 112
PI = 0 computed in 0.0004051 seconds
60 128
PI = 0 computed in 0.0009749 seconds
60 144
PI = 0 computed in 0.000674 seconds
60 160
PI = 0 computed in 0.0004301 seconds
120 16
PI = 4.635570922105496e-319 computed in 0.009756 seconds
120 32
PI = 0 computed in 0.000262 seconds
120 48
PI = 0 computed in 0.0002601 seconds
120 64
PI = 0 computed in 0.01305 seconds
120 80
PI = 0 computed in 0.0002792 seconds
120 96
PI = 0 computed in 0.0002759 seconds
120 112
PI = 0 computed in 0.0002611 seconds
120 128
PI = 0 computed in 0.000613 seconds
120 144
PI = 0 computed in 0.0003591 seconds
120 160
PI = 0 computed in 0.0006011 seconds
180 16
PI = 9.271141844210991e-319 computed in 0.0006049 seconds
180 32
PI = 0 computed in 0.0004442 seconds
180 48
PI = 0 computed in 0.0003829 seconds
180 64
PI = 0 computed in 0.0004251 seconds
180 80
PI = 0 computed in 0.0003641 seconds
180 96
PI = 0 computed in 0.0003531 seconds
180 112
PI = 0 computed in 0.0004151 seconds
180 128
PI = 0 computed in 0.000397 seconds
180 144
PI = 0 computed in 0.0004969 seconds
180 160
PI = 0 computed in 0.000397 seconds
240 16
PI = 0 computed in 0.000314 seconds
240 32
PI = 0 computed in 0.0004499 seconds
240 48
PI = 0 computed in 0.0003788 seconds
240 64
PI = 0 computed in 0.0008402 seconds
240 80
PI = 0 computed in 0.0004351 seconds
240 96
PI = 0 computed in 0.0004909 seconds
240 112
PI = 0 computed in 0.000416 seconds
240 128
PI = 0 computed in 0.0003769 seconds
240 144
PI = 0 computed in 0.000433 seconds
240 160
PI = 0 computed in 0.0005519 seconds
300 16
PI = 0 computed in 0.000432 seconds
300 32
PI = 0 computed in 0.000329 seconds
300 48
PI = 0 computed in 0.000392 seconds
300 64
PI = 0 computed in 0.00037 seconds
300 80
PI = 0 computed in 0.000392 seconds
300 96
PI = 0 computed in 0.0004652 seconds
300 112
PI = 0 computed in 0.0005372 seconds
300 128
PI = 0 computed in 0.0004821 seconds
300 144
PI = 0 computed in 0.000437 seconds
300 160
PI = 0 computed in 0.0004442 seconds
360 16
PI = 0 computed in 0.0002391 seconds
360 32
PI = 0 computed in 0.003827 seconds
360 48
PI = 0 computed in 0.000253 seconds
360 64
PI = 0 computed in 0.0005369 seconds
360 80
PI = 0 computed in 0.0002959 seconds
360 96
PI = 0 computed in 0.000438 seconds
360 112
PI = 0 computed in 0.000483 seconds
360 128
PI = 0 computed in 0.0003519 seconds
360 144
PI = 0 computed in 0.000582 seconds
360 160
PI = 0 computed in 0.0004821 seconds
420 16
PI = 0 computed in 0.0002198 seconds
420 32
PI = 0 computed in 0.000247 seconds
420 48
PI = 0 computed in 0.000737 seconds
420 64
PI = 0 computed in 0.0003121 seconds
420 80
PI = 0 computed in 0.0003171 seconds
420 96
PI = 0 computed in 0.0003161 seconds
420 112
PI = 0 computed in 0.0003629 seconds
420 128
PI = 0 computed in 0.000391 seconds
420 144
PI = 0 computed in 0.0003872 seconds
420 160
PI = 0 computed in 0.0004668 seconds
600 16
PI = 0 computed in 0.0004151 seconds
600 32
PI = 0 computed in 0.000272 seconds
600 48
PI = 0 computed in 0.0002961 seconds
600 64
PI = 0 computed in 0.000335 seconds
600 80
PI = 0 computed in 0.0003319 seconds
600 96
PI = 0 computed in 0.0005021 seconds
600 112
PI = 0 computed in 0.0004122 seconds
600 128
PI = 0 computed in 0.0005422 seconds
600 144
PI = 0 computed in 0.0005841 seconds
600 160
PI = 0 computed in 0.000648 seconds
60 16
PI = 0 computed in 0.0003378 seconds
60 32
PI = 4.635570922105496e-319 computed in 0.000344 seconds
60 48
PI = 9.271141844210991e-319 computed in 0.000958 seconds
60 64
PI = 0 computed in 0.000906 seconds
60 80
PI = 0 computed in 0.000402 seconds
60 96
PI = 0 computed in 0.0004239 seconds
60 112
PI = 0 computed in 0.001256 seconds
60 128
PI = 0 computed in 0.000433 seconds
60 144
PI = 0 computed in 0.009755 seconds
60 160
PI = 0 computed in 0.0002799 seconds
120 16
PI = 4.635570922105496e-319 computed in 0.000246 seconds
120 32
PI = 0 computed in 0.01308 seconds
120 48
PI = 0 computed in 0.000268 seconds
120 64
PI = 0 computed in 0.0002608 seconds
120 80
PI = 0 computed in 0.0002589 seconds
120 96
PI = 0 computed in 0.000582 seconds
120 112
PI = 0 computed in 0.0003369 seconds
120 128
PI = 0 computed in 0.000639 seconds
120 144
PI = 0 computed in 0.000396 seconds
120 160
PI = 0 computed in 0.0004652 seconds
180 16
PI = 9.271141844210991e-319 computed in 0.00035 seconds
180 32
PI = 0 computed in 0.0003881 seconds
180 48
PI = 0 computed in 0.000345 seconds
180 64
PI = 0 computed in 0.0003572 seconds
180 80
PI = 0 computed in 0.0004261 seconds
180 96
PI = 0 computed in 0.0003769 seconds
180 112
PI = 0 computed in 0.000484 seconds
180 128
PI = 0 computed in 0.0004041 seconds
180 144
PI = 0 computed in 0.0004032 seconds
180 160
PI = 0 computed in 0.000463 seconds
240 16
PI = 0 computed in 0.0003941 seconds
240 32
PI = 0 computed in 0.000783 seconds
240 48
PI = 0 computed in 0.0004051 seconds
240 64
PI = 0 computed in 0.0004432 seconds
240 80
PI = 0 computed in 0.0003932 seconds
240 96
PI = 0 computed in 0.0003529 seconds
240 112
PI = 0 computed in 0.0004389 seconds
240 128
PI = 0 computed in 0.0004809 seconds
240 144
PI = 0 computed in 0.0005119 seconds
240 160
PI = 0 computed in 0.0004671 seconds
300 16
PI = 0 computed in 0.0003531 seconds
300 32
PI = 0 computed in 0.0003419 seconds
300 48
PI = 0 computed in 0.0003309 seconds
300 64
PI = 0 computed in 0.0004761 seconds
300 80
PI = 0 computed in 0.0003741 seconds
300 96
PI = 0 computed in 0.000366 seconds
300 112
PI = 0 computed in 0.000458 seconds
300 128
PI = 0 computed in 0.0004299 seconds
300 144
PI = 0 computed in 0.0004148 seconds
300 160
PI = 0 computed in 0.003882 seconds
360 16
PI = 0 computed in 0.0002098 seconds
360 32
PI = 0 computed in 0.0003879 seconds
360 48
PI = 0 computed in 0.000263 seconds
360 64
PI = 0 computed in 0.002889 seconds
360 80
PI = 0 computed in 0.000494 seconds
360 96
PI = 0 computed in 0.000421 seconds
360 112
PI = 0 computed in 0.0003059 seconds
360 128
PI = 0 computed in 0.0004532 seconds
360 144
PI = 0 computed in 0.000459 seconds
360 160
PI = 0 computed in 0.0005081 seconds
420 16
PI = 0 computed in 0.000258 seconds
420 32
PI = 0 computed in 0.0003691 seconds
420 48
PI = 0 computed in 0.000268 seconds
420 64
PI = 0 computed in 0.0002789 seconds
420 80
PI = 0 computed in 0.0002921 seconds
420 96
PI = 0 computed in 0.00032 seconds
420 112
PI = 0 computed in 0.0003521 seconds
420 128
PI = 0 computed in 0.000355 seconds
420 144
PI = 0 computed in 0.0004141 seconds
420 160
PI = 0 computed in 0.0009689 seconds
600 16
PI = 0 computed in 0.000226 seconds
600 32
PI = 0 computed in 0.000273 seconds
600 48
PI = 0 computed in 0.000272 seconds
600 64
PI = 0 computed in 0.000308 seconds
600 80
PI = 0 computed in 0.0004799 seconds
600 96
PI = 0 computed in 0.000375 seconds
600 112
PI = 0 computed in 0.0003941 seconds
600 128
PI = 0 computed in 0.000531 seconds
600 144
PI = 0 computed in 0.0005739 seconds
600 160
PI = 0 computed in 0.0006509 seconds
60 16
PI = 0 computed in 0.0003481 seconds
60 32
PI = 4.635570922105496e-319 computed in 0.000315 seconds
60 48
PI = 9.271141844210991e-319 computed in 0.00089 seconds
60 64
PI = 0 computed in 0.0003591 seconds
60 80
PI = 0 computed in 0.0004129 seconds
60 96
PI = 0 computed in 0.001262 seconds
60 112
PI = 0 computed in 0.0003941 seconds
60 128
PI = 0 computed in 0.00975 seconds
60 144
PI = 0 computed in 0.0002689 seconds
60 160
PI = 0 computed in 0.0002711 seconds
120 16
PI = 4.635570922105496e-319 computed in 0.000463 seconds
120 32
PI = 0 computed in 0.0002539 seconds
120 48
PI = 0 computed in 0.0002449 seconds
120 64
PI = 0 computed in 0.0002351 seconds
120 80
PI = 0 computed in 0.000581 seconds
120 96
PI = 0 computed in 0.0004401 seconds
120 112
PI = 0 computed in 0.000592 seconds
120 128
PI = 0 computed in 0.0006452 seconds
120 144
PI = 0 computed in 0.0004599 seconds
120 160
PI = 0 computed in 0.000402 seconds
180 16
PI = 9.271141844210991e-319 computed in 0.0003591 seconds
180 32
PI = 0 computed in 0.000355 seconds
180 48
PI = 0 computed in 0.0003629 seconds
180 64
PI = 0 computed in 0.000464 seconds
180 80
PI = 0 computed in 0.000376 seconds
180 96
PI = 0 computed in 0.0004101 seconds
180 112
PI = 0 computed in 0.00037 seconds
180 128
PI = 0 computed in 0.0003901 seconds
180 144
PI = 0 computed in 0.0004728 seconds
180 160
PI = 0 computed in 0.000488 seconds
240 16
PI = 0 computed in 0.000767 seconds
240 32
PI = 0 computed in 0.0003788 seconds
240 48
PI = 0 computed in 0.000433 seconds
240 64
PI = 0 computed in 0.0003562 seconds
240 80
PI = 0 computed in 0.0003569 seconds
240 96
PI = 0 computed in 0.0004201 seconds
240 112
PI = 0 computed in 0.000509 seconds
240 128
PI = 0 computed in 0.00049 seconds
240 144
PI = 0 computed in 0.000457 seconds
240 160
PI = 0 computed in 0.0005219 seconds
300 16
PI = 0 computed in 0.0003428 seconds
300 32
PI = 0 computed in 0.000325 seconds
300 48
PI = 0 computed in 0.0004251 seconds
300 64
PI = 0 computed in 0.0003881 seconds
300 80
PI = 0 computed in 0.0003581 seconds
300 96
PI = 0 computed in 0.000351 seconds
300 112
PI = 0 computed in 0.000397 seconds
300 128
PI = 0 computed in 0.0003941 seconds
300 144
PI = 0 computed in 0.003858 seconds
300 160
PI = 0 computed in 0.000365 seconds
360 16
PI = 0 computed in 0.000339 seconds
360 32
PI = 0 computed in 0.0002561 seconds
360 48
PI = 0 computed in 0.002957 seconds
360 64
PI = 0 computed in 0.0006521 seconds
360 80
PI = 0 computed in 0.000298 seconds
360 96
PI = 0 computed in 0.0002909 seconds
360 112
PI = 0 computed in 0.000361 seconds
360 128
PI = 0 computed in 0.0003572 seconds
360 144
PI = 0 computed in 0.0005209 seconds
360 160
PI = 0 computed in 0.0004611 seconds
420 16
PI = 0 computed in 0.00036 seconds
420 32
PI = 0 computed in 0.000257 seconds
420 48
PI = 0 computed in 0.0002601 seconds
420 64
PI = 0 computed in 0.0002761 seconds
420 80
PI = 0 computed in 0.000319 seconds
420 96
PI = 0 computed in 0.000351 seconds
420 112
PI = 0 computed in 0.0003369 seconds
420 128
PI = 0 computed in 0.000397 seconds
420 144
PI = 0 computed in 0.000958 seconds
420 160
PI = 0 computed in 0.0004251 seconds
600 16
PI = 0 computed in 0.0002229 seconds
600 32
PI = 0 computed in 0.000247 seconds
600 48
PI = 0 computed in 0.000282 seconds
600 64
PI = 0 computed in 0.0004351 seconds
600 80
PI = 0 computed in 0.0003309 seconds
600 96
PI = 0 computed in 0.0003581 seconds
600 112
PI = 0 computed in 0.0003841 seconds
600 128
PI = 0 computed in 0.000535 seconds
600 144
PI = 0 computed in 0.0006089 seconds
600 160
PI = 0 computed in 0.0007501 seconds
60 16
PI = 0 computed in 0.0003622 seconds
60 32
PI = 4.635570922105496e-319 computed in 0.0008969 seconds
60 48
PI = 9.271141844210991e-319 computed in 0.0003631 seconds
60 64
PI = 0 computed in 0.0004091 seconds
60 80
PI = 0 computed in 0.000953 seconds
60 96
PI = 0 computed in 0.000391 seconds
60 112
PI = 0 computed in 0.009783 seconds
60 128
PI = 0 computed in 0.000252 seconds
60 144
PI = 0 computed in 0.0002811 seconds
60 160
PI = 0 computed in 0.01318 seconds
120 16
PI = 4.635570922105496e-319 computed in 0.0002532 seconds
120 32
PI = 0 computed in 0.0002391 seconds
120 48
PI = 0 computed in 0.0003519 seconds
120 64
PI = 0 computed in 0.0003641 seconds
120 80
PI = 0 computed in 0.0003831 seconds
120 96
PI = 0 computed in 0.0003731 seconds
120 112
PI = 0 computed in 0.000402 seconds
120 128
PI = 0 computed in 0.0004048 seconds
120 144
PI = 0 computed in 0.00036 seconds
120 160
PI = 0 computed in 0.000366 seconds
180 16
PI = 9.271141844210991e-319 computed in 0.0004201 seconds
180 32
PI = 0 computed in 0.0003269 seconds
180 48
PI = 0 computed in 0.0004091 seconds
180 64
PI = 0 computed in 0.00033 seconds
180 80
PI = 0 computed in 0.0004041 seconds
180 96
PI = 0 computed in 0.0003901 seconds
180 112
PI = 0 computed in 0.000386 seconds
180 128
PI = 0 computed in 0.0004649 seconds
180 144
PI = 0 computed in 0.0004759 seconds
180 160
PI = 0 computed in 0.000901 seconds
240 16
PI = 0 computed in 0.0003691 seconds
240 32
PI = 0 computed in 0.000423 seconds
240 48
PI = 0 computed in 0.0004389 seconds
240 64
PI = 0 computed in 0.000329 seconds
240 80
PI = 0 computed in 0.0003252 seconds
240 96
PI = 0 computed in 0.0004489 seconds
240 112
PI = 0 computed in 0.000473 seconds
240 128
PI = 0 computed in 0.0003779 seconds
240 144
PI = 0 computed in 0.0004911 seconds
240 160
PI = 0 computed in 0.000474 seconds
300 16
PI = 0 computed in 0.000329 seconds
300 32
PI = 0 computed in 0.000448 seconds
300 48
PI = 0 computed in 0.000397 seconds
300 64
PI = 0 computed in 0.000349 seconds
300 80
PI = 0 computed in 0.000417 seconds
300 96
PI = 0 computed in 0.0003889 seconds
300 112
PI = 0 computed in 0.0003979 seconds
300 128
PI = 0 computed in 0.0003331 seconds
300 144
PI = 0 computed in 0.000376 seconds
300 160
PI = 0 computed in 0.0005112 seconds
360 16
PI = 0 computed in 0.000232 seconds
360 32
PI = 0 computed in 0.002915 seconds
360 48
PI = 0 computed in 0.0006039 seconds
360 64
PI = 0 computed in 0.0003109 seconds
360 80
PI = 0 computed in 0.000278 seconds
360 96
PI = 0 computed in 0.0004289 seconds
360 112
PI = 0 computed in 0.000355 seconds
360 128
PI = 0 computed in 0.0003979 seconds
360 144
PI = 0 computed in 0.000433 seconds
360 160
PI = 0 computed in 0.0009139 seconds
420 16
PI = 0 computed in 0.000211 seconds
420 32
PI = 0 computed in 0.0002379 seconds
420 48
PI = 0 computed in 0.000257 seconds
420 64
PI = 0 computed in 0.000313 seconds
420 80
PI = 0 computed in 0.0003121 seconds
420 96
PI = 0 computed in 0.0003381 seconds
420 112
PI = 0 computed in 0.0003531 seconds
420 128
PI = 0 computed in 0.0008039 seconds
420 144
PI = 0 computed in 0.0004179 seconds
420 160
PI = 0 computed in 0.0003979 seconds
600 16
PI = 0 computed in 0.000236 seconds
600 32
PI = 0 computed in 0.000253 seconds
600 48
PI = 0 computed in 0.000422 seconds
600 64
PI = 0 computed in 0.0003278 seconds
600 80
PI = 0 computed in 0.0003438 seconds
600 96
PI = 0 computed in 0.0003529 seconds
600 112
PI = 0 computed in 0.0004108 seconds
600 128
PI = 0 computed in 0.0005369 seconds
600 144
PI = 0 computed in 0.0007319 seconds
600 160
PI = 0 computed in 0.0006361 seconds
60 16
PI = 0 computed in 0.0009341 seconds
60 32
PI = 4.635570922105496e-319 computed in 0.000942 seconds
60 48
PI = 9.271141844210991e-319 computed in 0.000767 seconds
60 64
PI = 0 computed in 0.0003839 seconds
60 80
PI = 0 computed in 0.000397 seconds
60 96
PI = 0 computed in 0.0003841 seconds
60 112
PI = 0 computed in 0.000268 seconds
60 128
PI = 0 computed in 0.0003521 seconds
60 144
PI = 0 computed in 0.01306 seconds
60 160
PI = 0 computed in 0.0002251 seconds
120 16
PI = 4.635570922105496e-319 computed in 0.0002289 seconds
120 32
PI = 0 computed in 0.0003889 seconds
120 48
PI = 0 computed in 0.0003331 seconds
120 64
PI = 0 computed in 0.000365 seconds
120 80
PI = 0 computed in 0.0003629 seconds
120 96
PI = 0 computed in 0.0003991 seconds
120 112
PI = 0 computed in 0.0003831 seconds
120 128
PI = 0 computed in 0.0003819 seconds
120 144
PI = 0 computed in 0.0003741 seconds
120 160
PI = 0 computed in 0.0003791 seconds
180 16
PI = 9.271141844210991e-319 computed in 0.0003459 seconds
180 32
PI = 0 computed in 0.0004089 seconds
180 48
PI = 0 computed in 0.0003459 seconds
180 64
PI = 0 computed in 0.0003979 seconds
180 80
PI = 0 computed in 0.0003521 seconds
180 96
PI = 0 computed in 0.0003688 seconds
180 112
PI = 0 computed in 0.0004878 seconds
180 128
PI = 0 computed in 0.0004349 seconds
180 144
PI = 0 computed in 0.000911 seconds
180 160
PI = 0 computed in 0.0004601 seconds
240 16
PI = 0 computed in 0.000391 seconds
240 32
PI = 0 computed in 0.0003531 seconds
240 48
PI = 0 computed in 0.000319 seconds
240 64
PI = 0 computed in 0.000407 seconds
240 80
PI = 0 computed in 0.000376 seconds
240 96
PI = 0 computed in 0.000421 seconds
240 112
PI = 0 computed in 0.000458 seconds
240 128
PI = 0 computed in 0.0004148 seconds
240 144
PI = 0 computed in 0.000437 seconds
240 160
PI = 0 computed in 0.00054 seconds
300 16
PI = 0 computed in 0.0004261 seconds
300 32
PI = 0 computed in 0.0004148 seconds
300 48
PI = 0 computed in 0.0003538 seconds
300 64
PI = 0 computed in 0.0004189 seconds
300 80
PI = 0 computed in 0.0003741 seconds
300 96
PI = 0 computed in 0.000387 seconds
300 112
PI = 0 computed in 0.0003169 seconds
300 128
PI = 0 computed in 0.0003569 seconds
300 144
PI = 0 computed in 0.0005028 seconds
300 160
PI = 0 computed in 0.000365 seconds
360 16
PI = 0 computed in 0.000387 seconds
360 32
PI = 0 computed in 0.0005739 seconds
360 48
PI = 0 computed in 0.000288 seconds
360 64
PI = 0 computed in 0.0002911 seconds
360 80
PI = 0 computed in 0.000319 seconds
360 96
PI = 0 computed in 0.00033 seconds
360 112
PI = 0 computed in 0.000442 seconds
360 128
PI = 0 computed in 0.0003412 seconds
360 144
PI = 0 computed in 0.000612 seconds
360 160
PI = 0 computed in 0.000458 seconds
420 16
PI = 0 computed in 0.000232 seconds
420 32
PI = 0 computed in 0.0002611 seconds
420 48
PI = 0 computed in 0.000258 seconds
420 64
PI = 0 computed in 0.0002871 seconds
420 80
PI = 0 computed in 0.000298 seconds
420 96
PI = 0 computed in 0.0003271 seconds
420 112
PI = 0 computed in 0.0008152 seconds
420 128
PI = 0 computed in 0.0004139 seconds
420 144
PI = 0 computed in 0.0003769 seconds
420 160
PI = 0 computed in 0.000396 seconds
600 16
PI = 0 computed in 0.0002279 seconds
600 32
PI = 0 computed in 0.0003779 seconds
600 48
PI = 0 computed in 0.0002809 seconds
600 64
PI = 0 computed in 0.0002959 seconds
600 80
PI = 0 computed in 0.0003309 seconds
600 96
PI = 0 computed in 0.0003541 seconds
600 112
PI = 0 computed in 0.000385 seconds
600 128
PI = 0 computed in 0.00056 seconds
600 144
PI = 0 computed in 0.0006971 seconds
600 160
PI = 0 computed in 0.0007811 seconds
60 16
PI = 0 computed in 0.000421 seconds
60 32
PI = 4.635570922105496e-319 computed in 0.0009198 seconds
60 48
PI = 9.271141844210991e-319 computed in 0.0003829 seconds
60 64
PI = 0 computed in 0.009785 seconds
60 80
PI = 0 computed in 0.0002742 seconds
60 96
PI = 0 computed in 0.000267 seconds
60 112
PI = 0 computed in 0.01311 seconds
60 128
PI = 0 computed in 0.0002818 seconds
60 144
PI = 0 computed in 0.0002649 seconds
60 160
PI = 0 computed in 0.0003691 seconds
120 16
PI = 4.635570922105496e-319 computed in 0.0003049 seconds
120 32
PI = 0 computed in 0.0003059 seconds
120 48
PI = 0 computed in 0.0005801 seconds
120 64
PI = 0 computed in 0.0006201 seconds
120 80
PI = 0 computed in 0.0003679 seconds
120 96
PI = 0 computed in 0.0003979 seconds
120 112
PI = 0 computed in 0.0004349 seconds
120 128
PI = 0 computed in 0.0003781 seconds
120 144
PI = 0 computed in 0.0003591 seconds
120 160
PI = 0 computed in 0.0004051 seconds
180 16
PI = 9.271141844210991e-319 computed in 0.0003371 seconds
180 32
PI = 0 computed in 0.000416 seconds
180 48
PI = 0 computed in 0.0003572 seconds
180 64
PI = 0 computed in 0.000386 seconds
180 80
PI = 0 computed in 0.0003531 seconds
180 96
PI = 0 computed in 0.0003531 seconds
180 112
PI = 0 computed in 0.000386 seconds
180 128
PI = 0 computed in 0.000505 seconds
180 144
PI = 0 computed in 0.0004959 seconds
180 160
PI = 0 computed in 0.0003741 seconds
240 16
PI = 0 computed in 0.0002789 seconds
240 32
PI = 0 computed in 0.0004349 seconds
240 48
PI = 0 computed in 0.0003421 seconds
240 64
PI = 0 computed in 0.0003519 seconds
240 80
PI = 0 computed in 0.0004549 seconds
240 96
PI = 0 computed in 0.0003819 seconds
240 112
PI = 0 computed in 0.000447 seconds
240 128
PI = 0 computed in 0.000437 seconds
240 144
PI = 0 computed in 0.0004671 seconds
240 160
PI = 0 computed in 0.000514 seconds
300 16
PI = 0 computed in 0.000268 seconds
300 32
PI = 0 computed in 0.000416 seconds
300 48
PI = 0 computed in 0.0003471 seconds
300 64
PI = 0 computed in 0.0003688 seconds
300 80
PI = 0 computed in 0.000308 seconds
300 96
PI = 0 computed in 0.003879 seconds
300 112
PI = 0 computed in 0.000314 seconds
300 128
PI = 0 computed in 0.0004399 seconds
300 144
PI = 0 computed in 0.00033 seconds
300 160
PI = 0 computed in 0.000499 seconds
360 16
PI = 0 computed in 0.0003819 seconds
360 32
PI = 0 computed in 0.0002499 seconds
360 48
PI = 0 computed in 0.00037 seconds
360 64
PI = 0 computed in 0.0002871 seconds
360 80
PI = 0 computed in 0.000293 seconds
360 96
PI = 0 computed in 0.0003829 seconds
360 112
PI = 0 computed in 0.0003231 seconds
360 128
PI = 0 computed in 0.0005031 seconds
360 144
PI = 0 computed in 0.000443 seconds
360 160
PI = 0 computed in 0.0004599 seconds
420 16
PI = 0 computed in 0.0002451 seconds
420 32
PI = 0 computed in 0.0002489 seconds
420 48
PI = 0 computed in 0.0002599 seconds
420 64
PI = 0 computed in 0.000273 seconds
420 80
PI = 0 computed in 0.0004001 seconds
420 96
PI = 0 computed in 0.000514 seconds
420 112
PI = 0 computed in 0.00036 seconds
420 128
PI = 0 computed in 0.0003581 seconds
420 144
PI = 0 computed in 0.0003839 seconds
420 160
PI = 0 computed in 0.000443 seconds
600 16
PI = 0 computed in 0.0002332 seconds
600 32
PI = 0 computed in 0.00055 seconds
600 48
PI = 0 computed in 0.0002711 seconds
600 64
PI = 0 computed in 0.0003221 seconds
600 80
PI = 0 computed in 0.00033 seconds
600 96
PI = 0 computed in 0.000392 seconds
600 112
PI = 0 computed in 0.000515 seconds
600 128
PI = 0 computed in 0.000699 seconds
600 144
PI = 0 computed in 0.0005829 seconds
600 160
PI = 0 computed in 0.000694 seconds
60 16
PI = 0 computed in 0.0009818 seconds
60 32
PI = 4.635570922105496e-319 computed in 0.0003798 seconds
60 48
PI = 9.271141844210991e-319 computed in 0.009758 seconds
60 64
PI = 0 computed in 0.000246 seconds
60 80
PI = 0 computed in 0.0002592 seconds
60 96
PI = 0 computed in 0.01297 seconds
60 112
PI = 0 computed in 0.0002658 seconds
60 128
PI = 0 computed in 0.0002789 seconds
60 144
PI = 0 computed in 0.0004411 seconds
60 160
PI = 0 computed in 0.000468 seconds
120 16
PI = 4.635570922105496e-319 computed in 0.00034 seconds
120 32
PI = 0 computed in 0.0003469 seconds
120 48
PI = 0 computed in 0.0003591 seconds
120 64
PI = 0 computed in 0.0004241 seconds
120 80
PI = 0 computed in 0.00037 seconds
120 96
PI = 0 computed in 0.0003412 seconds
120 112
PI = 0 computed in 0.000386 seconds
120 128
PI = 0 computed in 0.0003459 seconds
120 144
PI = 0 computed in 0.0004382 seconds
120 160
PI = 0 computed in 0.000375 seconds
180 16
PI = 9.271141844210991e-319 computed in 0.0003741 seconds
180 32
PI = 0 computed in 0.0003269 seconds
180 48
PI = 0 computed in 0.0003409 seconds
180 64
PI = 0 computed in 0.0003781 seconds
180 80
PI = 0 computed in 0.0003569 seconds
180 96
PI = 0 computed in 0.000385 seconds
180 112
PI = 0 computed in 0.0004609 seconds
180 128
PI = 0 computed in 0.0004728 seconds
180 144
PI = 0 computed in 0.0003748 seconds
180 160
PI = 0 computed in 0.00037 seconds
240 16
PI = 0 computed in 0.0004251 seconds
240 32
PI = 0 computed in 0.0003281 seconds
240 48
PI = 0 computed in 0.0003309 seconds
240 64
PI = 0 computed in 0.000483 seconds
240 80
PI = 0 computed in 0.0003719 seconds
240 96
PI = 0 computed in 0.0004408 seconds
240 112
PI = 0 computed in 0.0005231 seconds
240 128
PI = 0 computed in 0.0004301 seconds
240 144
PI = 0 computed in 0.000453 seconds
240 160
PI = 0 computed in 0.0004752 seconds
300 16
PI = 0 computed in 0.0002871 seconds
300 32
PI = 0 computed in 0.0003328 seconds
300 48
PI = 0 computed in 0.0003541 seconds
300 64
PI = 0 computed in 0.0002599 seconds
300 80
PI = 0 computed in 0.000349 seconds
300 96
PI = 0 computed in 0.0006058 seconds
300 112
PI = 0 computed in 0.0003021 seconds
300 128
PI = 0 computed in 0.002921 seconds
300 144
PI = 0 computed in 0.0004609 seconds
300 160
PI = 0 computed in 0.0004559 seconds
360 16
PI = 0 computed in 0.0002069 seconds
360 32
PI = 0 computed in 0.000345 seconds
360 48
PI = 0 computed in 0.0002959 seconds
360 64
PI = 0 computed in 0.0002651 seconds
360 80
PI = 0 computed in 0.0003541 seconds
360 96
PI = 0 computed in 0.0003111 seconds
360 112
PI = 0 computed in 0.0004869 seconds
360 128
PI = 0 computed in 0.000339 seconds
360 144
PI = 0 computed in 0.0004299 seconds
360 160
PI = 0 computed in 0.0004799 seconds
420 16
PI = 0 computed in 0.0002241 seconds
420 32
PI = 0 computed in 0.0002508 seconds
420 48
PI = 0 computed in 0.0002658 seconds
420 64
PI = 0 computed in 0.0004351 seconds
420 80
PI = 0 computed in 0.0004749 seconds
420 96
PI = 0 computed in 0.000325 seconds
420 112
PI = 0 computed in 0.000335 seconds
420 128
PI = 0 computed in 0.000366 seconds
420 144
PI = 0 computed in 0.000406 seconds
420 160
PI = 0 computed in 0.0004289 seconds
600 16
PI = 0 computed in 0.0002241 seconds
600 32
PI = 0 computed in 0.0002651 seconds
600 48
PI = 0 computed in 0.0002751 seconds
600 64
PI = 0 computed in 0.00033 seconds
600 80
PI = 0 computed in 0.0003462 seconds
600 96
PI = 0 computed in 0.0005219 seconds
600 112
PI = 0 computed in 0.0006132 seconds
600 128
PI = 0 computed in 0.0006099 seconds
600 144
PI = 0 computed in 0.0006628 seconds
600 160
PI = 0 computed in 0.000613 seconds
60 16
PI = 0 computed in 0.009808 seconds
60 32
PI = 4.635570922105496e-319 computed in 0.000237 seconds
60 48
PI = 9.271141844210991e-319 computed in 0.000246 seconds
60 64
PI = 0 computed in 0.0131 seconds
60 80
PI = 0 computed in 0.0002508 seconds
60 96
PI = 0 computed in 0.000268 seconds
60 112
PI = 0 computed in 0.0003619 seconds
60 128
PI = 0 computed in 0.0003059 seconds
60 144
PI = 0 computed in 0.0003719 seconds
60 160
PI = 0 computed in 0.0006061 seconds
120 16
PI = 4.635570922105496e-319 computed in 0.0003572 seconds
120 32
PI = 0 computed in 0.0004191 seconds
120 48
PI = 0 computed in 0.0003722 seconds
120 64
PI = 0 computed in 0.0003719 seconds
120 80
PI = 0 computed in 0.0003581 seconds
120 96
PI = 0 computed in 0.0003459 seconds
120 112
PI = 0 computed in 0.000397 seconds
120 128
PI = 0 computed in 0.0003719 seconds
120 144
PI = 0 computed in 0.000459 seconds
120 160
PI = 0 computed in 0.0003791 seconds
180 16
PI = 9.271141844210991e-319 computed in 0.0002971 seconds
180 32
PI = 0 computed in 0.000361 seconds
180 48
PI = 0 computed in 0.000315 seconds
180 64
PI = 0 computed in 0.0003889 seconds
180 80
PI = 0 computed in 0.0004261 seconds
180 96
PI = 0 computed in 0.000459 seconds
180 112
PI = 0 computed in 0.000375 seconds
180 128
PI = 0 computed in 0.0004179 seconds
180 144
PI = 0 computed in 0.0004849 seconds
180 160
PI = 0 computed in 0.000386 seconds
240 16
PI = 0 computed in 0.0003161 seconds
240 32
PI = 0 computed in 0.000448 seconds
240 48
PI = 0 computed in 0.0003731 seconds
240 64
PI = 0 computed in 0.0003772 seconds
240 80
PI = 0 computed in 0.0004001 seconds
240 96
PI = 0 computed in 0.0003669 seconds
240 112
PI = 0 computed in 0.000474 seconds
240 128
PI = 0 computed in 0.0004742 seconds
240 144
PI = 0 computed in 0.0005021 seconds
240 160
PI = 0 computed in 0.0005059 seconds
300 16
PI = 0 computed in 0.0003541 seconds
300 32
PI = 0 computed in 0.0002561 seconds
300 48
PI = 0 computed in 0.003841 seconds
300 64
PI = 0 computed in 0.0002601 seconds
300 80
PI = 0 computed in 0.000392 seconds
300 96
PI = 0 computed in 0.0003021 seconds
300 112
PI = 0 computed in 0.0004439 seconds
300 128
PI = 0 computed in 0.0006261 seconds
300 144
PI = 0 computed in 0.00035 seconds
300 160
PI = 0 computed in 0.000514 seconds
360 16
PI = 0 computed in 0.000284 seconds
360 32
PI = 0 computed in 0.0002298 seconds
360 48
PI = 0 computed in 0.000293 seconds
360 64
PI = 0 computed in 0.0002789 seconds
360 80
PI = 0 computed in 0.0007379 seconds
360 96
PI = 0 computed in 0.0003409 seconds
360 112
PI = 0 computed in 0.0003159 seconds
360 128
PI = 0 computed in 0.0003269 seconds
360 144
PI = 0 computed in 0.0004351 seconds
360 160
PI = 0 computed in 0.000463 seconds
420 16
PI = 0 computed in 0.0002229 seconds
420 32
PI = 0 computed in 0.0003109 seconds
420 48
PI = 0 computed in 0.000453 seconds
420 64
PI = 0 computed in 0.0003111 seconds
420 80
PI = 0 computed in 0.000308 seconds
420 96
PI = 0 computed in 0.0003319 seconds
420 112
PI = 0 computed in 0.0003352 seconds
420 128
PI = 0 computed in 0.0005021 seconds
420 144
PI = 0 computed in 0.000504 seconds
420 160
PI = 0 computed in 0.0003989 seconds
600 16
PI = 0 computed in 0.000222 seconds
600 32
PI = 0 computed in 0.0002661 seconds
600 48
PI = 0 computed in 0.0003119 seconds
600 64
PI = 0 computed in 0.0004761 seconds
600 80
PI = 0 computed in 0.0005429 seconds
600 96
PI = 0 computed in 0.000366 seconds
600 112
PI = 0 computed in 0.0003841 seconds
600 128
PI = 0 computed in 0.0005291 seconds
600 144
PI = 0 computed in 0.000571 seconds
600 160
PI = 0 computed in 0.0007031 seconds
60 16
PI = 4.940731878528389e+262 computed in 0.000246 seconds
60 32
PI = 4.635570922105496e-319 computed in 0.0002072 seconds
60 48
PI = 9.271141844210991e-319 computed in 0.00021 seconds
60 64
PI = 0 computed in 0.0002131 seconds
60 80
PI = 0 computed in 0.000217 seconds
60 96
PI = 0 computed in 0.0002201 seconds
60 112
PI = 0 computed in 0.000217 seconds
60 128
PI = 0 computed in 0.0002251 seconds
60 144
PI = 0 computed in 0.0002272 seconds
60 160
PI = 0 computed in 0.0002658 seconds
120 16
PI = 4.635570922105496e-319 computed in 0.0002019 seconds
120 32
PI = 0 computed in 0.000221 seconds
120 48
PI = 0 computed in 0.0002029 seconds
120 64
PI = 0 computed in 0.000211 seconds
120 80
PI = 0 computed in 0.000221 seconds
120 96
PI = 0 computed in 0.000222 seconds
120 112
PI = 0 computed in 0.0002291 seconds
120 128
PI = 0 computed in 0.0002401 seconds
120 144
PI = 0 computed in 0.0002379 seconds
120 160
PI = 0 computed in 0.0002501 seconds
180 16
PI = 9.271141844210991e-319 computed in 0.0002129 seconds
180 32
PI = 0 computed in 0.0002198 seconds
180 48
PI = 0 computed in 0.0002351 seconds
180 64
PI = 0 computed in 0.0002239 seconds
180 80
PI = 0 computed in 0.0002329 seconds
180 96
PI = 0 computed in 0.000241 seconds
180 112
PI = 0 computed in 0.0002511 seconds
180 128
PI = 0 computed in 0.0002608 seconds
180 144
PI = 0 computed in 0.0002692 seconds
180 160
PI = 0 computed in 0.0002811 seconds
240 16
PI = 0 computed in 0.000232 seconds
240 32
PI = 0 computed in 0.000232 seconds
240 48
PI = 0 computed in 0.0002089 seconds
240 64
PI = 0 computed in 0.0002248 seconds
240 80
PI = 0 computed in 0.0002289 seconds
240 96
PI = 0 computed in 0.0002408 seconds
240 112
PI = 0 computed in 0.000278 seconds
240 128
PI = 0 computed in 0.0002849 seconds
240 144
PI = 0 computed in 0.0003481 seconds
240 160
PI = 0 computed in 0.000371 seconds
300 16
PI = 0 computed in 0.0002 seconds
300 32
PI = 0 computed in 0.000221 seconds
300 48
PI = 0 computed in 0.000227 seconds
300 64
PI = 0 computed in 0.000262 seconds
300 80
PI = 0 computed in 0.0002599 seconds
300 96
PI = 0 computed in 0.0002739 seconds
300 112
PI = 0 computed in 0.0002909 seconds
300 128
PI = 0 computed in 0.0003128 seconds
300 144
PI = 0 computed in 0.0003209 seconds
300 160
PI = 0 computed in 0.0003381 seconds
360 16
PI = 0 computed in 0.0002279 seconds
360 32
PI = 0 computed in 0.000241 seconds
360 48
PI = 0 computed in 0.000236 seconds
360 64
PI = 0 computed in 0.0002611 seconds
360 80
PI = 0 computed in 0.000272 seconds
360 96
PI = 0 computed in 0.0002909 seconds
360 112
PI = 0 computed in 0.000308 seconds
360 128
PI = 0 computed in 0.000325 seconds
360 144
PI = 0 computed in 0.0004342 seconds
360 160
PI = 0 computed in 0.0004759 seconds
420 16
PI = 0 computed in 0.000221 seconds
420 32
PI = 0 computed in 0.0002241 seconds
420 48
PI = 0 computed in 0.000247 seconds
420 64
PI = 0 computed in 0.0002658 seconds
420 80
PI = 0 computed in 0.000282 seconds
420 96
PI = 0 computed in 0.0003071 seconds
420 112
PI = 0 computed in 0.0003209 seconds
420 128
PI = 0 computed in 0.00036 seconds
420 144
PI = 0 computed in 0.000387 seconds
420 160
PI = 0 computed in 0.000423 seconds
600 16
PI = 0 computed in 0.0002201 seconds
600 32
PI = 0 computed in 0.0002451 seconds
600 48
PI = 0 computed in 0.0002761 seconds
600 64
PI = 0 computed in 0.0003071 seconds
600 80
PI = 0 computed in 0.000335 seconds
600 96
PI = 0 computed in 0.000355 seconds
600 112
PI = 0 computed in 0.000392 seconds
600 128
PI = 0 computed in 0.0005751 seconds
600 144
PI = 0 computed in 0.000586 seconds
600 160
PI = 0 computed in 0.000622 seconds
60 16
PI = 3.141592653589794 computed in 0.1601 seconds
60 32
PI = 3.141592653589793 computed in 0.07263 seconds
60 48
PI = 3.141592653589794 computed in 0.0493 seconds
60 64
PI = 3.141592653589792 computed in 0.03667 seconds
60 80
PI = 3.141592653589793 computed in 0.03019 seconds
60 96
PI = 3.141592653589796 computed in 0.02526 seconds
60 112
PI = 3.141592653589795 computed in 0.02228 seconds
60 128
PI = 3.1415926535898 computed in 0.01952 seconds
60 144
PI = 3.141592653589793 computed in 0.01794 seconds
60 160
PI = 3.141592653589789 computed in 0.01601 seconds
120 16
PI = 3.141592653589793 computed in 0.07329 seconds
120 32
PI = 3.141592653589792 computed in 0.03666 seconds
120 48
PI = 3.141592653589796 computed in 0.02492 seconds
120 64
PI = 3.1415926535898 computed in 0.01872 seconds
120 80
PI = 3.141592653589789 computed in 0.01598 seconds
120 96
PI = 3.141592653589788 computed in 0.01334 seconds
120 112
PI = 3.141592653589794 computed in 0.01192 seconds
120 128
PI = 3.141592653589795 computed in 0.01045 seconds
120 144
PI = 3.141592653589794 computed in 0.01316 seconds
120 160
PI = 3.141592653589796 computed in 0.01186 seconds
180 16
PI = 3.141592653589794 computed in 0.04884 seconds
180 32
PI = 3.141592653589796 computed in 0.02447 seconds
180 48
PI = 3.141592653589793 computed in 0.01705 seconds
180 64
PI = 3.141592653589788 computed in 0.01281 seconds
180 80
PI = 3.141592653589795 computed in 0.01112 seconds
180 96
PI = 3.141592653589794 computed in 0.009344 seconds
180 112
PI = 3.141592653589796 computed in 0.01132 seconds
180 128
PI = 3.141592653589796 computed in 0.009932 seconds
180 144
PI = 3.141592653589803 computed in 0.0113 seconds
180 160
PI = 3.141592653589794 computed in 0.0102 seconds
240 16
PI = 3.141592653589792 computed in 0.03724 seconds
240 32
PI = 3.1415926535898 computed in 0.01868 seconds
240 48
PI = 3.141592653589788 computed in 0.01326 seconds
240 64
PI = 3.141592653589795 computed in 0.009983 seconds
240 80
PI = 3.141592653589796 computed in 0.01183 seconds
240 96
PI = 3.141592653589796 computed in 0.0099 seconds
240 112
PI = 3.141592653589791 computed in 0.01082 seconds
240 128
PI = 3.141592653589798 computed in 0.00951 seconds
240 144
PI = 3.141592653589796 computed in 0.01097 seconds
240 160
PI = 3.141592653589797 computed in 0.009914 seconds
300 16
PI = 3.141592653589793 computed in 0.02994 seconds
300 32
PI = 3.141592653589789 computed in 0.01502 seconds
300 48
PI = 3.141592653589795 computed in 0.01105 seconds
300 64
PI = 3.141592653589796 computed in 0.008337 seconds
300 80
PI = 3.141592653589791 computed in 0.01079 seconds
300 96
PI = 3.141592653589794 computed in 0.009037 seconds
300 112
PI = 3.141592653589792 computed in 0.01042 seconds
300 128
PI = 3.141592653589797 computed in 0.009149 seconds
300 144
PI = 3.141592653589798 computed in 0.01023 seconds
300 160
PI = 3.141592653589788 computed in 0.009201 seconds
360 16
PI = 3.141592653589796 computed in 0.02548 seconds
360 32
PI = 3.141592653589788 computed in 0.01279 seconds
360 48
PI = 3.141592653589794 computed in 0.0116 seconds
360 64
PI = 3.141592653589796 computed in 0.008744 seconds
360 80
PI = 3.141592653589794 computed in 0.01108 seconds
360 96
PI = 3.141592653589796 computed in 0.009232 seconds
360 112
PI = 3.141592653589794 computed in 0.01017 seconds
360 128
PI = 3.141592653589793 computed in 0.008927 seconds
360 144
PI = 3.141592653589798 computed in 0.01017 seconds
360 160
PI = 3.141592653589796 computed in 0.009217 seconds
420 16
PI = 3.141592653589795 computed in 0.02195 seconds
420 32
PI = 3.141592653589794 computed in 0.01103 seconds
420 48
PI = 3.141592653589796 computed in 0.01132 seconds
420 64
PI = 3.141592653589791 computed in 0.008548 seconds
420 80
PI = 3.141592653589792 computed in 0.01038 seconds
420 96
PI = 3.141592653589794 computed in 0.008702 seconds
420 112
PI = 3.141592653589751 computed in 0.009954 seconds
420 128
PI = 3.14159265358979 computed in 0.008769 seconds
420 144
PI = 3.141592653589798 computed in 0.009753 seconds
420 160
PI = 3.141592653589807 computed in 0.008835 seconds
600 16
PI = 3.141592653589789 computed in 0.01659 seconds
600 32
PI = 3.141592653589796 computed in 0.008385 seconds
600 48
PI = 3.141592653589794 computed in 0.01104 seconds
600 64
PI = 3.141592653589797 computed in 0.008346 seconds
600 80
PI = 3.141592653589788 computed in 0.01033 seconds
600 96
PI = 3.141592653589796 computed in 0.008709 seconds
600 112
PI = 3.141592653589807 computed in 0.009648 seconds
600 128
PI = 3.141592653589801 computed in 0.00855 seconds
600 144
PI = 3.1415926535898 computed in 0.009657 seconds
600 160
PI = 3.141592653589786 computed in 0.00877 seconds


Batch Job Summary Report (version 21.01.1) for Job "cpi_cuda_get_time" (31326960) on daint

Job information (1/3)
-----------------------------------------------------------------------------------------------------
             Submit            Eligible               Start                 End    Elapsed Time limit
------------------- ------------------- ------------------- ------------------- ---------- ----------
2021-05-18T23:14:59 2021-05-18T23:14:59 2021-05-18T23:18:14 2021-05-18T23:18:31   00:00:17   00:05:00
-----------------------------------------------------------------------------------------------------

Job information (2/3)
-------------------------------------------------------------
    Username      Account    Partition   NNodes        Energy
------------ ------------ ------------ -------- -------------
     lseiler         uzg2       normal        1      0.479 kJ

Job information (3/3) - GPU utilization data
----------------------------------------------------
   Node name       Usage      Max mem Execution time
------------ ----------- ------------ --------------
    nid03595        65 %      255 MiB       00:00:01

