nid00009
nid00009
nid00009
nid00009
nid00009
nid00009
nid00009
nid00009
nid00009
nid00009
nid00009
nid00009
nid00009
nid00009
nid00009
nid00009
nid00009
nid00009
nid00009
nid00009
nid00009
nid00009
nid00009
nid00009
nid00009
nid00009
nid00009
nid00009
nid00009
nid00009
nid00009
nid00009
nid00009
nid00009
nid00009
nid00009


Batch Job Summary Report (version 21.01) for Job "lseiler" (29837552) on daint

Job information (1/2)
-----------------------------------------------------------------------------------------------------
             Submit            Eligible               Start                 End    Elapsed Time limit
------------------- ------------------- ------------------- ------------------- ---------- ----------
2021-03-09T07:32:43 2021-03-09T07:32:43 2021-03-09T07:32:43 2021-03-09T07:32:48   00:00:05   00:05:00
-----------------------------------------------------------------------------------------------------

Job information (2/2)
-------------------------------------------------------------
    Username      Account    Partition   NNodes        Energy
------------ ------------ ------------ -------- -------------
     lseiler         uzh8        debug        1      0.190 kJ

